0 info it worked if it ends with ok
1 verbose cli [ 'C:\\Program Files\\nodejs\\node.exe',
1 verbose cli   'C:\\Users\\Patrick\\AppData\\Roaming\\npm\\node_modules\\npm\\bin\\npm-cli.js',
1 verbose cli   'start' ]
2 info using npm@3.10.9
3 info using node@v8.8.1
4 verbose run-script [ 'prestart', 'start', 'poststart' ]
5 info lifecycle chaoticdash@0.5.0~prestart: chaoticdash@0.5.0
6 silly lifecycle chaoticdash@0.5.0~prestart: no script for prestart, continuing
7 info lifecycle chaoticdash@0.5.0~start: chaoticdash@0.5.0
8 verbose lifecycle chaoticdash@0.5.0~start: unsafe-perm in lifecycle true
9 verbose lifecycle chaoticdash@0.5.0~start: PATH: C:\Users\Patrick\AppData\Roaming\npm\node_modules\npm\bin\node-gyp-bin;C:\Users\Patrick\Desktop\chaoticdash\node_modules\.bin;C:\ProgramData\Oracle\Java\javapath;C:\Python27\;C:\Python27\Scripts;C:\Program Files (x86)\Intel\iCLS Client\;C:\Program Files\Intel\iCLS Client\;C:\WINDOWS\system32;C:\WINDOWS;C:\WINDOWS\System32\Wbem;C:\WINDOWS\System32\WindowsPowerShell\v1.0\;C:\Program Files (x86)\Windows Live\Shared;C:\Program Files\Intel\Intel(R) Management Engine Components\DAL;C:\Program Files\Intel\Intel(R) Management Engine Components\IPT;C:\Program Files (x86)\Intel\Intel(R) Management Engine Components\DAL;C:\Program Files (x86)\Intel\Intel(R) Management Engine Components\IPT;C:\Program Files\Hewlett-Packard\SimplePass\;C:\Program Files\CloudFoundry\;C:\Program Files\cURL\bin;C:\Program Files (x86)\Git\cmd;C:\Program Files\Intel\WiFi\bin\;C:\Program Files\Common Files\Intel\WirelessCommon\;C:\Program Files\Hugo;C:\Program Files\MongoDB\Server\3.0\bin;C:\WINDOWS\system32\config\systemprofile\.dnx\bin;C:\Program Files\Microsoft DNX\Dnvm\;C:\Program Files (x86)\Windows Kits\8.1\Windows Performance Toolkit\;C:\Program Files\CloudFoundry;C:\Program Files\openwhisk\;C:\Program Files\MySQL\MySQL Utilities 1.6\;C:\Users\Patrick\AppData\Local\Programs\Git\cmd;C:\Program Files\nodejs\;C:\Users\Patrick\AppData\Local\Programs\Python\Launcher\;c:\Program Files\cURL\;C:\Users\Patrick\AppData\Local\atom\bin;C:\Program Files\Intel\WiFi\bin\;C:\Program Files\Common Files\Intel\WirelessCommon\;C:\Program Files\Hugo\;C:\Program Files\MongoDB\Server\3.0\bin;C:\Users\Patrick\AppData\Local\Programs\Git\cmd;C:\Users\Patrick\AppData\Local\Microsoft\WindowsApps;c:\Program Files\Redis\;C:\Program Files\openwhisk;C:\Users\Patrick\AppData\Local\GitHubDesktop\bin;C:\Users\Patrick\AppData\Local\Microsoft\WindowsApps;C:\Users\Patrick\AppData\Roaming\npm
10 verbose lifecycle chaoticdash@0.5.0~start: CWD: C:\Users\Patrick\Desktop\chaoticdash
11 silly lifecycle chaoticdash@0.5.0~start: Args: [ '/d /s /c',
11 silly lifecycle   'npm-run-all --parallel server:start client:start' ]
12 silly lifecycle chaoticdash@0.5.0~start: Returned: code: 3221225786  signal: null
13 info lifecycle chaoticdash@0.5.0~start: Failed to exec start script
14 verbose stack Error: chaoticdash@0.5.0 start: `npm-run-all --parallel server:start client:start`
14 verbose stack Exit status 3221225786
14 verbose stack     at EventEmitter.<anonymous> (C:\Users\Patrick\AppData\Roaming\npm\node_modules\npm\lib\utils\lifecycle.js:255:16)
14 verbose stack     at emitTwo (events.js:125:13)
14 verbose stack     at EventEmitter.emit (events.js:213:7)
14 verbose stack     at ChildProcess.<anonymous> (C:\Users\Patrick\AppData\Roaming\npm\node_modules\npm\lib\utils\spawn.js:40:14)
14 verbose stack     at emitTwo (events.js:125:13)
14 verbose stack     at ChildProcess.emit (events.js:213:7)
14 verbose stack     at maybeClose (internal/child_process.js:927:16)
14 verbose stack     at Process.ChildProcess._handle.onexit (internal/child_process.js:211:5)
15 verbose pkgid chaoticdash@0.5.0
16 verbose cwd C:\Users\Patrick\Desktop\chaoticdash
17 error Windows_NT 10.0.16299
18 error argv "C:\\Program Files\\nodejs\\node.exe" "C:\\Users\\Patrick\\AppData\\Roaming\\npm\\node_modules\\npm\\bin\\npm-cli.js" "start"
19 error node v8.8.1
20 error npm  v3.10.9
21 error code ELIFECYCLE
22 error chaoticdash@0.5.0 start: `npm-run-all --parallel server:start client:start`
22 error Exit status 3221225786
23 error Failed at the chaoticdash@0.5.0 start script 'npm-run-all --parallel server:start client:start'.
23 error Make sure you have the latest version of node.js and npm installed.
23 error If you do, this is most likely a problem with the chaoticdash package,
23 error not with npm itself.
23 error Tell the author that this fails on your system:
23 error     npm-run-all --parallel server:start client:start
23 error You can get information on how to open an issue for this project with:
23 error     npm bugs chaoticdash
23 error Or if that isn't available, you can get their info via:
23 error     npm owner ls chaoticdash
23 error There is likely additional logging output above.
24 verbose exit [ 1, true ]
